<?xml version="1.0" encoding="UTF-8"?>
<!-- Generated by org.testng.reporters.JUnitReportReporter -->
<testsuite hostname="PF3ZE9EW" failures="0" tests="9" name="qa.testcases.Location_Test" time="75.276" errors="0" timestamp="2023-05-31T15:47:07 IST" skipped="0">
  <testcase classname="qa.testcases.Location_Test" name="loginTest7" time="0.655"/>
  <system-out/>
  <testcase classname="qa.testcases.Location_Test" name="SidemenuNavigation" time="15.459"/>
  <system-out/>
  <testcase classname="qa.testcases.Location_Test" name="verifyProductEntityPage" time="0.601"/>
  <system-out/>
  <testcase classname="qa.testcases.Location_Test" name="csvUploadAndDownload" time="9.821"/>
  <system-out/>
  <testcase classname="qa.testcases.Location_Test" name="csvDownloadTemplate" time="6.504"/>
  <system-out/>
  <testcase classname="qa.testcases.Location_Test" name="verifySearchFeature" time="7.653"/>
  <system-out/>
  <testcase classname="qa.testcases.Location_Test" name="verifyDropDownTable" time="6.476"/>
  <system-out/>
  <testcase classname="qa.testcases.Location_Test" name="verifyDropDownMenuNavigation" time="4.992"/>
  <system-out/>
  <testcase classname="qa.testcases.Location_Test" name="verifypagination" time="23.115"/>
  <system-out/>
</testsuite> <!-- qa.testcases.Location_Test -->
