<?xml version="1.0" encoding="UTF-8"?>
<!-- Generated by org.testng.reporters.JUnitReportReporter -->
<testsuite hostname="PF3ZE9EW" failures="0" tests="9" name="qa.testcases.Product_Test" time="74.109" errors="0" timestamp="2023-05-31T15:47:07 IST" skipped="0">
  <testcase classname="qa.testcases.Product_Test" name="loginTest7" time="0.728"/>
  <system-out/>
  <testcase classname="qa.testcases.Product_Test" name="SidemenuNavigation" time="19.642"/>
  <system-out/>
  <testcase classname="qa.testcases.Product_Test" name="verifyProductEntityPage" time="0.609"/>
  <system-out/>
  <testcase classname="qa.testcases.Product_Test" name="csvUploadAndDownload" time="11.134"/>
  <system-out/>
  <testcase classname="qa.testcases.Product_Test" name="csvDownloadTemplate" time="6.615"/>
  <system-out/>
  <testcase classname="qa.testcases.Product_Test" name="verifySearchFeature" time="7.786"/>
  <system-out/>
  <testcase classname="qa.testcases.Product_Test" name="verifyDropDownTable" time="6.368"/>
  <system-out/>
  <testcase classname="qa.testcases.Product_Test" name="verifyDropDownMenuNavigation" time="4.872"/>
  <system-out/>
  <testcase classname="qa.testcases.Product_Test" name="verifypagination" time="16.355"/>
  <system-out/>
</testsuite> <!-- qa.testcases.Product_Test -->
